This is pdfTeX, Version 3.1415926-1.40.10 (TeX Live 2009/Debian) (format=pdflatex 2013.7.3)  22 AUG 2013 15:53
entering extended mode
 %&-line parsing enabled.
**EncabezadoyPie.tex
(./EncabezadoyPie.tex
LaTeX2e <2009/09/24>
Babel <v3.8l> and hyphenation patterns for english, usenglishmax, dumylang, noh
yphenation, loaded.

! LaTeX Error: \usepackage before \documentclass.

See the LaTeX manual or LaTeX Companion for explanation.
Type  H <return>  for immediate help.
 ...                                              
                                                  
l.1 \usepackage{
                fancyhdr} % Paquete para encabezados y pie de p√°gina
\usepackage may only appear in the document preamble, i.e.,
between \documentclass and \begin{document}.

! Undefined control sequence.
<argument> \undefinedpagestyle 
                               
l.2 \pagestyle{fancy}
                      % Sin esta l√≠nea no se imprimir√≠a el encabezado en t...
The control sequence at the end of the top line
of your error message was never \def'ed. If you have
misspelled it (e.g., `\hobx'), type `I' and the correct
spelling (e.g., `I\hbox'). Otherwise just continue,
and I'll forget about whatever was undefined.

! Undefined control sequence.
l.4 \fancyhf
            {} %  Borra el encabezado anterior (Por defecto escribe el t√≠tu...
The control sequence at the end of the top line
of your error message was never \def'ed. If you have
misspelled it (e.g., `\hobx'), type `I' and the correct
spelling (e.g., `I\hbox'). Otherwise just continue,
and I'll forget about whatever was undefined.

! Undefined control sequence.
l.6 \fancyhead
              [L]{
The control sequence at the end of the top line
of your error message was never \def'ed. If you have
misspelled it (e.g., `\hobx'), type `I' and the correct
spelling (e.g., `I\hbox'). Otherwise just continue,
and I'll forget about whatever was undefined.


! LaTeX Error: Missing \begin{document}.

See the LaTeX manual or LaTeX Companion for explanation.
Type  H <return>  for immediate help.
 ...                                              
                                                  
l.6 \fancyhead[
               L]{
You're in trouble here.  Try typing  <return>  to proceed.
If that doesn't work, type  X <return>  to quit.

Missing character: There is no [ in font nullfont!
Missing character: There is no L in font nullfont!
Missing character: There is no ] in font nullfont!
LaTeX Font Info:    External font `cmex10' loaded for size
(Font)              <7> on input line 7.
LaTeX Font Info:    External font `cmex10' loaded for size
(Font)              <5> on input line 7.
Missing character: There is no √ in font cmss10!
Missing character: There is no ≠ in font cmss10!
Missing character: There is no √ in font cmss10!
Missing character: There is no ° in font cmss10!
! Undefined control sequence.
l.10 \fancyhead
               [R]{\thepage}
The control sequence at the end of the top line
of your error message was never \def'ed. If you have
misspelled it (e.g., `\hobx'), type `I' and the correct
spelling (e.g., `I\hbox'). Otherwise just continue,
and I'll forget about whatever was undefined.

Missing character: There is no [ in font nullfont!
Missing character: There is no R in font nullfont!
Missing character: There is no ] in font nullfont!
! Undefined control sequence.
l.10 \fancyhead[R]{\thepage
                           }
The control sequence at the end of the top line
of your error message was never \def'ed. If you have
misspelled it (e.g., `\hobx'), type `I' and the correct
spelling (e.g., `I\hbox'). Otherwise just continue,
and I'll forget about whatever was undefined.


Overfull \hbox (20.0pt too wide) in paragraph at lines 6--11
[]
 []


Overfull \hbox (18.00003pt too wide) in paragraph at lines 6--11
\OT1/cmss/m/n/10 Fac-
 []


Overfull \hbox (10.88889pt too wide) in paragraph at lines 6--11
\OT1/cmss/m/n/10 ul-
 []


Overfull \hbox (13.58336pt too wide) in paragraph at lines 6--11
\OT1/cmss/m/n/10 tad
 []


Overfull \hbox (9.61111pt too wide) in paragraph at lines 6--11
\OT1/cmss/m/n/10 de
 []


Overfull \hbox (11.2778pt too wide) in paragraph at lines 6--11
\OT1/cmss/m/n/10 In-
 []


Overfull \hbox (12.77779pt too wide) in paragraph at lines 6--11
\OT1/cmss/m/n/10 ge-
 []


Overfull \hbox (22.61115pt too wide) in paragraph at lines 6--11
\OT1/cmss/m/n/10 nier^^S^^Pa
 []


Overfull \hbox (7.7778pt too wide) in paragraph at lines 6--11
\OMS/cmsy/m/n/10 ^^@$
 []


Overfull \hbox (17.76393pt too wide) in paragraph at lines 6--11
\OT1/cmss/m/n/10 Uni-
 []


Overfull \hbox (15.80559pt too wide) in paragraph at lines 6--11
\OT1/cmss/m/n/10 ver-
 []


Overfull \hbox (9.55554pt too wide) in paragraph at lines 6--11
\OT1/cmss/m/n/10 si-
 []


Overfull \hbox (15.13892pt too wide) in paragraph at lines 6--11
\OT1/cmss/m/n/10 dad
 []


Overfull \hbox (9.61111pt too wide) in paragraph at lines 6--11
\OT1/cmss/m/n/10 de
 []


Overfull \hbox (30.27782pt too wide) in paragraph at lines 6--11
\OT1/cmss/m/n/10 Buenos
 []


Overfull \hbox (20.75003pt too wide) in paragraph at lines 6--11
\OT1/cmss/m/n/10 Aires 
 []


Overfull \hbox (22.77785pt too wide) in paragraph at lines 6--11
\OT1/cmss/m/n/10 66.69
 []


Overfull \hbox (20.69447pt too wide) in paragraph at lines 6--11
\OT1/cmss/m/n/10 Crip-
 []


Overfull \hbox (29.69455pt too wide) in paragraph at lines 6--11
\OT1/cmss/m/n/10 tografa
 []


Overfull \hbox (4.61113pt too wide) in paragraph at lines 6--11
\OT1/cmss/m/n/10 y
 []


Overfull \hbox (13.33334pt too wide) in paragraph at lines 6--11
\OT1/cmss/m/n/10 Se-
 []


Overfull \hbox (19.30559pt too wide) in paragraph at lines 6--11
\OT1/cmss/m/n/10 guri-
 []


Overfull \hbox (15.13892pt too wide) in paragraph at lines 6--11
\OT1/cmss/m/n/10 dad
 []


Overfull \hbox (14.05559pt too wide) in paragraph at lines 6--11
\OT1/cmss/m/n/10 Im-
 []


Overfull \hbox (34.38896pt too wide) in paragraph at lines 6--11
\OT1/cmss/m/n/10 formtica
 []


! LaTeX Error: \footrulewidth undefined.

See the LaTeX manual or LaTeX Companion for explanation.
Type  H <return>  for immediate help.
 ...                                              
                                                  
l.12 \renewcommand{\footrulewidth}
                                  {0.4pt} % Ajusta el tama√±o de las l√≠neas...

Try typing  <return>  to proceed.
If that doesn't work, type  X <return>  to quit.


! LaTeX Error: \headrulewidth undefined.

See the LaTeX manual or LaTeX Companion for explanation.
Type  H <return>  for immediate help.
 ...                                              
                                                  
l.13 \renewcommand{\headrulewidth}
                                  {0.4pt} % Ajusta el tama√±o de las l√≠neas...

Try typing  <return>  to proceed.
If that doesn't work, type  X <return>  to quit.

! Undefined control sequence.
l.15 \fancyfoot
               [L]{
The control sequence at the end of the top line
of your error message was never \def'ed. If you have
misspelled it (e.g., `\hobx'), type `I' and the correct
spelling (e.g., `I\hbox'). Otherwise just continue,
and I'll forget about whatever was undefined.


! LaTeX Error: Missing \begin{document}.

See the LaTeX manual or LaTeX Companion for explanation.
Type  H <return>  for immediate help.
 ...                                              
                                                  
l.15 \fancyfoot[
                L]{
You're in trouble here.  Try typing  <return>  to proceed.
If that doesn't work, type  X <return>  to quit.

Missing character: There is no [ in font nullfont!
Missing character: There is no L in font nullfont!
Missing character: There is no ] in font nullfont!
Missing character: There is no : in font nullfont!
Missing character: There is no E in font nullfont!
Missing character: There is no t in font nullfont!
Missing character: There is no a in font nullfont!
Missing character: There is no p in font nullfont!
Missing character: There is no a in font nullfont!
Missing character: There is no s in font nullfont!
Missing character: There is no c in font nullfont!
Missing character: There is no o in font nullfont!
Missing character: There is no n in font nullfont!
Missing character: There is no T in font nullfont!
Missing character: There is no r in font nullfont!
Missing character: There is no a in font nullfont!
Missing character: There is no n in font nullfont!
Missing character: There is no s in font nullfont!
Missing character: There is no i in font nullfont!
Missing character: There is no s in font nullfont!
Missing character: There is no t in font nullfont!
Missing character: There is no o in font nullfont!
Missing character: There is no r in font nullfont!
Missing character: There is no e in font nullfont!
Missing character: There is no s in font nullfont!
Missing character: There is no D in font nullfont!
Missing character: There is no i in font nullfont!
Missing character: There is no s in font nullfont!
Missing character: There is no c in font nullfont!
Missing character: There is no r in font nullfont!
Missing character: There is no e in font nullfont!
Missing character: There is no t in font nullfont!
Missing character: There is no o in font nullfont!
Missing character: There is no s in font nullfont!

Overfull \hbox (20.0pt too wide) in paragraph at lines 15--19
[]
 []


Overfull \hbox (17.52782pt too wide) in paragraph at lines 15--19
\OT1/cmss/m/n/10 Tra-
 []


Overfull \hbox (17.63893pt too wide) in paragraph at lines 15--19
\OT1/cmss/m/n/10 bajo
 []


Overfull \hbox (34.50006pt too wide) in paragraph at lines 15--19
\OT1/cmss/m/n/10 Pr^^Sactico
 []


Overfull \hbox (16.68062pt too wide) in paragraph at lines 15--19
\OT1/cmss/m/n/10 N$[]\OT1/cmr/m/n/10 2$
 []


Overfull \hbox (49.05565pt too wide) in paragraph at lines 15--19
\OT1/cmss/m/n/10 Integrantes:
 []


Overfull \hbox (17.44447pt too wide) in paragraph at lines 15--19
\OT1/cmss/m/n/10 Tor-
 []


Overfull \hbox (11.69446pt too wide) in paragraph at lines 15--19
\OT1/cmss/m/n/10 res
 []


Overfull \hbox (27.30563pt too wide) in paragraph at lines 15--19
\OT1/cmss/m/n/10 Feyuk,
 []


Overfull \hbox (23.58339pt too wide) in paragraph at lines 15--19
\OT1/cmss/m/n/10 Soler,
 []


Overfull \hbox (43.66681pt too wide) in paragraph at lines 15--19
\OT1/cmss/m/n/10 Madariaga
 []

)
! Emergency stop.
<*> EncabezadoyPie.tex
                      
*** (job aborted, no legal \end found)

 
Here is how much of TeX's memory you used:
 15 strings out of 495061
 265 string characters out of 1182622
 46108 words of memory out of 3000000
 3291 multiletter control sequences out of 15000+50000
 3945 words of font info for 15 fonts, out of 3000000 for 9000
 28 hyphenation exceptions out of 8191
 20i,2n,13p,153b,114s stack positions out of 5000i,500n,10000p,200000b,50000s
!  ==> Fatal error occurred, no output PDF file produced!
